# JRE version: Java(TM) SE Runtime Environment (8.0_73-b02) (build 1.8.0_73-b02)
# Java VM: Java HotSpot(TM) 64-Bit Server VM (25.73-b02 mixed mode windows-amd64 compressed oops)
Heap:
 PSYoungGen      total 18944K, used 12692K [0x00000000eb500000, 0x00000000eda00000, 0x0000000100000000)
  eden space 16384K, 62% used [0x00000000eb500000,0x00000000ebeec200,0x00000000ec500000)
  from space 2560K, 98% used [0x00000000ec500000,0x00000000ec7790f0,0x00000000ec780000)
  to   space 10752K, 0% used [0x00000000ecf80000,0x00000000ecf80000,0x00000000eda00000)
 ParOldGen       total 40448K, used 17408K [0x00000000c1e00000, 0x00000000c4580000, 0x00000000eb500000)
  object space 40448K, 43% used [0x00000000c1e00000,0x00000000c2f001e8,0x00000000c4580000)
 Metaspace       used 21328K, capacity 22134K, committed 22144K, reserved 1069056K
  class space    used 2989K, capacity 3190K, committed 3200K, reserved 1048576K
GC Heap History (10 events):
Event: 9.792 GC heap before
{Heap before GC invocations=2 (full 0):
 PSYoungGen      total 18944K, used 18912K [0x00000000eb500000, 0x00000000eca00000, 0x0000000100000000)
  eden space 16384K, 100% used [0x00000000eb500000,0x00000000ec500000,0x00000000ec500000)
  from space 2560K, 98% used [0x00000000ec500000,0x00000000ec778020,0x00000000ec780000)
  to   space 2560K, 0% used [0x00000000ec780000,0x00000000ec780000,0x00000000eca00000)
 ParOldGen       total 44032K, used 481K [0x00000000c1e00000, 0x00000000c4900000, 0x00000000eb500000)
  object space 44032K, 1% used [0x00000000c1e00000,0x00000000c1e787d0,0x00000000c4900000)
 Metaspace       used 14638K, capacity 15180K, committed 15232K, reserved 1062912K
  class space    used 2017K, capacity 2161K, committed 2176K, reserved 1048576K
Event: 9.805 GC heap after
Heap after GC invocations=2 (full 0):
 PSYoungGen      total 18944K, used 2544K [0x00000000eb500000, 0x00000000eca00000, 0x0000000100000000)
  eden space 16384K, 0% used [0x00000000eb500000,0x00000000eb500000,0x00000000ec500000)
  from space 2560K, 99% used [0x00000000ec780000,0x00000000ec9fc3b0,0x00000000eca00000)
  to   space 2560K, 0% used [0x00000000ec500000,0x00000000ec500000,0x00000000ec780000)
 ParOldGen       total 44032K, used 7257K [0x00000000c1e00000, 0x00000000c4900000, 0x00000000eb500000)
  object space 44032K, 16% used [0x00000000c1e00000,0x00000000c25167d0,0x00000000c4900000)
 Metaspace       used 14638K, capacity 15180K, committed 15232K, reserved 1062912K
  class space    used 2017K, capacity 2161K, committed 2176K, reserved 1048576K
}
Event: 15.131 GC heap before
{Heap before GC invocations=3 (full 0):
 PSYoungGen      total 18944K, used 18928K [0x00000000eb500000, 0x00000000eca00000, 0x0000000100000000)
  eden space 16384K, 100% used [0x00000000eb500000,0x00000000ec500000,0x00000000ec500000)
  from space 2560K, 99% used [0x00000000ec780000,0x00000000ec9fc3b0,0x00000000eca00000)
  to   space 2560K, 0% used [0x00000000ec500000,0x00000000ec500000,0x00000000ec780000)
 ParOldGen       total 44032K, used 7257K [0x00000000c1e00000, 0x00000000c4900000, 0x00000000eb500000)
  object space 44032K, 16% used [0x00000000c1e00000,0x00000000c25167d0,0x00000000c4900000)
 Metaspace       used 19209K, capacity 19898K, committed 20096K, reserved 1067008K
  class space    used 2753K, capacity 2940K, committed 2944K, reserved 1048576K
Event: 15.138 GC heap after
Heap after GC invocations=3 (full 0):
 PSYoungGen      total 18944K, used 2546K [0x00000000eb500000, 0x00000000eca00000, 0x0000000100000000)
  eden space 16384K, 0% used [0x00000000eb500000,0x00000000eb500000,0x00000000ec500000)
  from space 2560K, 99% used [0x00000000ec500000,0x00000000ec77c850,0x00000000ec780000)
  to   space 2560K, 0% used [0x00000000ec780000,0x00000000ec780000,0x00000000eca00000)
 ParOldGen       total 44032K, used 12617K [0x00000000c1e00000, 0x00000000c4900000, 0x00000000eb500000)
  object space 44032K, 28% used [0x00000000c1e00000,0x00000000c2a52560,0x00000000c4900000)
 Metaspace       used 19209K, capacity 19898K, committed 20096K, reserved 1067008K
  class space    used 2753K, capacity 2940K, committed 2944K, reserved 1048576K
}
Event: 15.671 GC heap before
{Heap before GC invocations=4 (full 0):
 PSYoungGen      total 18944K, used 7205K [0x00000000eb500000, 0x00000000eca00000, 0x0000000100000000)
  eden space 16384K, 28% used [0x00000000eb500000,0x00000000eb98cd60,0x00000000ec500000)
  from space 2560K, 99% used [0x00000000ec500000,0x00000000ec77c850,0x00000000ec780000)
  to   space 2560K, 0% used [0x00000000ec780000,0x00000000ec780000,0x00000000eca00000)
 ParOldGen       total 44032K, used 12617K [0x00000000c1e00000, 0x00000000c4900000, 0x00000000eb500000)
  object space 44032K, 28% used [0x00000000c1e00000,0x00000000c2a52560,0x00000000c4900000)
 Metaspace       used 20477K, capacity 21178K, committed 21296K, reserved 1067008K
  class space    used 2927K, capacity 3132K, committed 3200K, reserved 1048576K
Event: 15.677 GC heap after
Heap after GC invocations=4 (full 0):
 PSYoungGen      total 18944K, used 2545K [0x00000000eb500000, 0x00000000eca00000, 0x0000000100000000)
  eden space 16384K, 0% used [0x00000000eb500000,0x00000000eb500000,0x00000000ec500000)
  from space 2560K, 99% used [0x00000000ec780000,0x00000000ec9fc440,0x00000000eca00000)
  to   space 2560K, 0% used [0x00000000ec500000,0x00000000ec500000,0x00000000ec780000)
 ParOldGen       total 44032K, used 13625K [0x00000000c1e00000, 0x00000000c4900000, 0x00000000eb500000)
  object space 44032K, 30% used [0x00000000c1e00000,0x00000000c2b4e628,0x00000000c4900000)
 Metaspace       used 20477K, capacity 21178K, committed 21296K, reserved 1067008K
  class space    used 2927K, capacity 3132K, committed 3200K, reserved 1048576K
}
Event: 15.677 GC heap before
{Heap before GC invocations=5 (full 1):
 PSYoungGen      total 18944K, used 2545K [0x00000000eb500000, 0x00000000eca00000, 0x0000000100000000)
  eden space 16384K, 0% used [0x00000000eb500000,0x00000000eb500000,0x00000000ec500000)
  from space 2560K, 99% used [0x00000000ec780000,0x00000000ec9fc440,0x00000000eca00000)
  to   space 2560K, 0% used [0x00000000ec500000,0x00000000ec500000,0x00000000ec780000)
 ParOldGen       total 44032K, used 13625K [0x00000000c1e00000, 0x00000000c4900000, 0x00000000eb500000)
  object space 44032K, 30% used [0x00000000c1e00000,0x00000000c2b4e628,0x00000000c4900000)
 Metaspace       used 20477K, capacity 21178K, committed 21296K, reserved 1067008K
  class space    used 2927K, capacity 3132K, committed 3200K, reserved 1048576K
Event: 15.708 GC heap after
Heap after GC invocations=5 (full 1):
 PSYoungGen      total 18944K, used 0K [0x00000000eb500000, 0x00000000eca00000, 0x0000000100000000)
  eden space 16384K, 0% used [0x00000000eb500000,0x00000000eb500000,0x00000000ec500000)
  from space 2560K, 0% used [0x00000000ec780000,0x00000000ec780000,0x00000000eca00000)
  to   space 2560K, 0% used [0x00000000ec500000,0x00000000ec500000,0x00000000ec780000)
 ParOldGen       total 40448K, used 15262K [0x00000000c1e00000, 0x00000000c4580000, 0x00000000eb500000)
  object space 40448K, 37% used [0x00000000c1e00000,0x00000000c2ce7ae0,0x00000000c4580000)
 Metaspace       used 20477K, capacity 21178K, committed 21296K, reserved 1067008K
  class space    used 2927K, capacity 3132K, committed 3200K, reserved 1048576K
}
Event: 19.403 GC heap before
{Heap before GC invocations=6 (full 1):
 PSYoungGen      total 18944K, used 11289K [0x00000000eb500000, 0x00000000eca00000, 0x0000000100000000)
  eden space 16384K, 68% used [0x00000000eb500000,0x00000000ec0065e0,0x00000000ec500000)
  from space 2560K, 0% used [0x00000000ec780000,0x00000000ec780000,0x00000000eca00000)
  to   space 2560K, 0% used [0x00000000ec500000,0x00000000ec500000,0x00000000ec780000)
 ParOldGen       total 40448K, used 15262K [0x00000000c1e00000, 0x00000000c4580000, 0x00000000eb500000)
  object space 40448K, 37% used [0x00000000c1e00000,0x00000000c2ce7ae0,0x00000000c4580000)
 Metaspace       used 21046K, capacity 21800K, committed 21888K, reserved 1069056K
  class space    used 2977K, capacity 3177K, committed 3200K, reserved 1048576K
Event: 19.408 GC heap after
Heap after GC invocations=6 (full 1):
 PSYoungGen      total 18944K, used 2532K [0x00000000eb500000, 0x00000000eda00000, 0x0000000100000000)
  eden space 16384K, 0% used [0x00000000eb500000,0x00000000eb500000,0x00000000ec500000)
  from space 2560K, 98% used [0x00000000ec500000,0x00000000ec7790f0,0x00000000ec780000)
  to   space 10752K, 0% used [0x00000000ecf80000,0x00000000ecf80000,0x00000000eda00000)
 ParOldGen       total 40448K, used 17408K [0x00000000c1e00000, 0x00000000c4580000, 0x00000000eb500000)
  object space 40448K, 43% used [0x00000000c1e00000,0x00000000c2f001e8,0x00000000c4580000)
 Metaspace       used 21046K, capacity 21800K, committed 21888K, reserved 1069056K
  class space    used 2977K, capacity 3177K, committed 3200K, reserved 1048576K
}

